{
  "RSpec": {
    "coverage": {
      "/Users/janessatran/Documents/the_odin_project/ruby-mastermind/spec/board_spec.rb": [
        1,
        null,
        1,
        3,
        null,
        1,
        1,
        1,
        null,
        null,
        1,
        1,
        1,
        1,
        1,
        null,
        null,
        null
      ],
      "/Users/janessatran/Documents/the_odin_project/ruby-mastermind/board.rb": [
        null,
        1,
        1,
        2,
        null,
        null,
        1,
        0,
        null,
        null,
        1,
        1,
        null,
        null
      ]
    },
    "timestamp": 1553466228
  }
}
